0 info it worked if it ends with ok
1 verbose cli [ 'node', '/usr/local/bin/npm', 'publish' ]
2 info using npm@3.5.2
3 info using node@v0.10.31
4 verbose publish [ '.' ]
5 silly cache add args [ '.', null ]
6 verbose cache add spec .
7 silly cache add parsed spec { raw: '.',
7 silly cache add   scope: null,
7 silly cache add   name: null,
7 silly cache add   rawSpec: '.',
7 silly cache add   spec: '/Users/lilei/Documents/github/tb-validator',
7 silly cache add   type: 'directory' }
8 verbose addLocalDirectory /Users/lilei/.npm/tb-validator/1.1.0/package.tgz not in flight; packing
9 info lifecycle tb-validator@1.1.0~prepublish: tb-validator@1.1.0
10 silly lifecycle tb-validator@1.1.0~prepublish: no script for prepublish, continuing
11 verbose tar pack [ '/Users/lilei/.npm/tb-validator/1.1.0/package.tgz',
11 verbose tar pack   '/Users/lilei/Documents/github/tb-validator' ]
12 verbose tarball /Users/lilei/.npm/tb-validator/1.1.0/package.tgz
13 verbose folder /Users/lilei/Documents/github/tb-validator
14 verbose addLocalTarball adding from inside cache /Users/lilei/.npm/tb-validator/1.1.0/package.tgz
15 silly cache afterAdd tb-validator@1.1.0
16 verbose afterAdd /Users/lilei/.npm/tb-validator/1.1.0/package/package.json not in flight; writing
17 verbose afterAdd /Users/lilei/.npm/tb-validator/1.1.0/package/package.json written
18 silly publish { name: 'tb-validator',
18 silly publish   version: '1.1.0',
18 silly publish   description: 'tb-validator',
18 silly publish   main: './lib/validator.js',
18 silly publish   scripts: { test: 'coffee -o lib -c v2 && NODE_ENV=mocha mocha' },
18 silly publish   repository:
18 silly publish    { type: 'git',
18 silly publish      url: 'git+https://github.com/teambition/tb-validator.git' },
18 silly publish   keywords: [ 'validator' ],
18 silly publish   license: 'ISC',
18 silly publish   bugs: { url: 'https://github.com/teambition/tb-validator/issues' },
18 silly publish   homepage: 'https://github.com/teambition/tb-validator',
18 silly publish   dependencies: { lodash: '^3.10.1', validator: '^4.0.5' },
18 silly publish   devDependencies: { 'coffee-script': '^1.10.0', mocha: '~2.3.4', should: '~8.2.1' },
18 silly publish   readme: 'Introduction\n====================\nTB Validator\n\nInstall\n-------------------\n```\n$ npm install tb-validator\n```\n\n',
18 silly publish   readmeFilename: 'README.md',
18 silly publish   gitHead: 'adaeb201e93798595f2ca5fcba64b9e924022d1b',
18 silly publish   _id: 'tb-validator@1.1.0',
18 silly publish   _shasum: '0f6b249d7ef9e2e9a9a052a97555335eae459329',
18 silly publish   _from: '.' }
19 verbose getPublishConfig undefined
20 silly mapToRegistry name tb-validator
21 silly mapToRegistry using default registry
22 silly mapToRegistry registry https://registry.npmjs.org/
23 silly mapToRegistry uri https://registry.npmjs.org/tb-validator
24 verbose publish registryBase https://registry.npmjs.org/
25 silly publish uploading /Users/lilei/.npm/tb-validator/1.1.0/package.tgz
26 verbose request uri https://registry.npmjs.org/tb-validator
27 verbose request sending authorization for write operation
28 info attempt registry request try #1 at 16:19:20
29 verbose request id ea6b80fb5ce08481
30 http request PUT https://registry.npmjs.org/tb-validator
31 http 403 https://registry.npmjs.org/tb-validator
32 verbose headers { 'content-type': 'application/json',
32 verbose headers   'cache-control': 'max-age=300',
32 verbose headers   'content-length': '95',
32 verbose headers   'accept-ranges': 'bytes',
32 verbose headers   date: 'Fri, 18 Mar 2016 08:18:05 GMT',
32 verbose headers   via: '1.1 varnish',
32 verbose headers   connection: 'keep-alive',
32 verbose headers   'x-served-by': 'cache-sin6925-SIN',
32 verbose headers   'x-cache': 'MISS',
32 verbose headers   'x-cache-hits': '0',
32 verbose headers   'x-timer': 'S1458289084.442186,VS0,VE1066' }
33 verbose request invalidating /Users/lilei/.npm/registry.npmjs.org/tb-validator on PUT
34 error publish Failed PUT 403
35 verbose stack Error: "You cannot publish over the previously published version 1.1.0." : tb-validator
35 verbose stack     at makeError (/usr/local/lib/node_modules/npm/node_modules/npm-registry-client/lib/request.js:264:12)
35 verbose stack     at CachingRegistryClient.<anonymous> (/usr/local/lib/node_modules/npm/node_modules/npm-registry-client/lib/request.js:252:14)
35 verbose stack     at Request._callback (/usr/local/lib/node_modules/npm/node_modules/npm-registry-client/lib/request.js:172:14)
35 verbose stack     at Request.self.callback (/usr/local/lib/node_modules/npm/node_modules/request/request.js:198:22)
35 verbose stack     at Request.emit (events.js:98:17)
35 verbose stack     at Request.<anonymous> (/usr/local/lib/node_modules/npm/node_modules/request/request.js:1082:10)
35 verbose stack     at Request.emit (events.js:117:20)
35 verbose stack     at IncomingMessage.<anonymous> (/usr/local/lib/node_modules/npm/node_modules/request/request.js:1009:12)
35 verbose stack     at IncomingMessage.emit (events.js:117:20)
35 verbose stack     at _stream_readable.js:943:16
36 verbose statusCode 403
37 verbose pkgid tb-validator
38 verbose cwd /Users/lilei/Documents/github/tb-validator
39 error Darwin 14.5.0
40 error argv "node" "/usr/local/bin/npm" "publish"
41 error node v0.10.31
42 error npm  v3.5.2
43 error code E403
44 error "You cannot publish over the previously published version 1.1.0." : tb-validator
45 error If you need help, you may report this error at:
45 error     <https://github.com/npm/npm/issues>
46 verbose exit [ 1, true ]
